<?xml version="1.0" encoding="UTF-8"?>
<!-- Generated by org.testng.reporters.JUnitReportReporter -->
<testsuite hostname="DESKTOP-86JG7VC" failures="0" tests="3" name="testNg.Testngclass" time="0.013" errors="0" timestamp="2023-07-15T08:13:50 IST" skipped="0">
  <testcase classname="testNg.Testngclass" name="DeleteUser" time="0.010"/>
  <testcase classname="testNg.Testngclass" name="CreateUser" time="0.001"/>
  <testcase classname="testNg.Testngclass" name="ModifyUser" time="0.002"/>
</testsuite> <!-- testNg.Testngclass -->
